<?xml version="1.0" encoding="UTF-8"?>
<testng-results ignored="0" total="1" passed="1" failed="0" skipped="0">
  <reporter-output>
  </reporter-output>
  <suite started-at="2022-09-01T14:08:22 IST" name="Suite" finished-at="2022-09-01T14:08:46 IST" duration-ms="23969">
    <groups>
    </groups>
    <test started-at="2022-09-01T14:08:22 IST" name="TestChrome" finished-at="2022-09-01T14:08:46 IST" duration-ms="23969">
      <class name="com.vitamojo.Testcases.HomePage">
        <test-method is-config="true" signature="setup()[pri:0, instance:com.vitamojo.Testcases.HomePage@4b8ee4de]" started-at="2022-09-01T14:08:22 IST" name="setup" finished-at="2022-09-01T14:08:22 IST" duration-ms="126" status="PASS">
          <reporter-output>
          </reporter-output>
        </test-method> <!-- setup -->
        <test-method is-config="true" signature="setUpTest(java.lang.String)[pri:0, instance:com.vitamojo.Testcases.HomePage@4b8ee4de]" started-at="2022-09-01T14:08:22 IST" name="setUpTest" finished-at="2022-09-01T14:08:28 IST" duration-ms="6055" status="PASS">
          <params>
            <param index="0">
              <value>
                <![CDATA[firefox]]>
              </value>
            </param>
          </params>
          <reporter-output>
          </reporter-output>
        </test-method> <!-- setUpTest -->
        <test-method signature="test1()[pri:0, instance:com.vitamojo.Testcases.HomePage@4b8ee4de]" started-at="2022-09-01T14:08:28 IST" name="test1" finished-at="2022-09-01T14:08:46 IST" duration-ms="17868" status="PASS">
          <reporter-output>
          </reporter-output>
        </test-method> <!-- test1 -->
        <test-method is-config="true" signature="tearDownTest()[pri:0, instance:com.vitamojo.Testcases.HomePage@4b8ee4de]" started-at="2022-09-01T14:08:46 IST" name="tearDownTest" finished-at="2022-09-01T14:08:46 IST" duration-ms="2" status="PASS">
          <reporter-output>
          </reporter-output>
        </test-method> <!-- tearDownTest -->
        <test-method is-config="true" signature="tearDown()[pri:0, instance:com.vitamojo.Testcases.HomePage@4b8ee4de]" started-at="2022-09-01T14:08:46 IST" name="tearDown" finished-at="2022-09-01T14:08:47 IST" duration-ms="520" status="PASS">
          <reporter-output>
          </reporter-output>
        </test-method> <!-- tearDown -->
      </class> <!-- com.vitamojo.Testcases.HomePage -->
    </test> <!-- TestChrome -->
  </suite> <!-- Suite -->
</testng-results>
